app/build/intermediates/manifest_merge_blame_file/debug/manifest-merger-blame-debug-report.txt
1<?xml version="1.0" encoding="utf-8"?>
2<manifest xmlns:android="http://schemas.android.com/apk/res/android"
3    package="com.W3Dev.w3devcalling"
4    android:versionCode="1"
5    android:versionName="1.0" >
6
7    <uses-sdk
8        android:minSdkVersion="25"
8-->src\main\AndroidManifest.xml
9        android:targetSdkVersion="30" />
9-->src\main\AndroidManifest.xml
10
11    <uses-feature android:name="android.hardware.camera" />
11-->src\main\AndroidManifest.xml:5:5-60
11-->src\main\AndroidManifest.xml:5:19-57
12    <uses-feature android:name="android.hardware.camera.autofocus" />
12-->src\main\AndroidManifest.xml:6:5-70
12-->src\main\AndroidManifest.xml:6:19-67
13    <uses-feature
13-->src\main\AndroidManifest.xml:7:5-9:35
14        android:glEsVersion="0x00020000"
14-->src\main\AndroidManifest.xml:8:9-41
15        android:required="true" />
15-->src\main\AndroidManifest.xml:9:9-32
16
17    <uses-permission android:name="android.permission.CAMERA" />
17-->src\main\AndroidManifest.xml:11:5-65
17-->src\main\AndroidManifest.xml:11:22-62
18    <uses-permission android:name="android.permission.CHANGE_NETWORK_STATE" />
18-->src\main\AndroidManifest.xml:12:5-79
18-->src\main\AndroidManifest.xml:12:22-76
19    <uses-permission android:name="android.permission.MODIFY_AUDIO_SETTINGS" />
19-->src\main\AndroidManifest.xml:13:5-80
19-->src\main\AndroidManifest.xml:13:22-77
20    <uses-permission android:name="android.permission.RECORD_AUDIO" />
20-->src\main\AndroidManifest.xml:14:5-71
20-->src\main\AndroidManifest.xml:14:22-68
21    <uses-permission android:name="android.permission.INTERNET" />
21-->src\main\AndroidManifest.xml:15:5-67
21-->src\main\AndroidManifest.xml:15:22-64
22    <uses-permission android:name="android.permission.WRITE_EXTERNAL_STORAGE" />
22-->src\main\AndroidManifest.xml:16:5-81
22-->src\main\AndroidManifest.xml:16:22-78
23    <uses-permission android:name="android.permission.ACCESS_NETWORK_STATE" />
23-->src\main\AndroidManifest.xml:17:5-79
23-->src\main\AndroidManifest.xml:17:22-76
24    <uses-permission android:name="android.permission.BLUETOOTH" />
24-->src\main\AndroidManifest.xml:18:5-68
24-->src\main\AndroidManifest.xml:18:22-65
25
26    <application
26-->src\main\AndroidManifest.xml:20:5-36:19
27        android:allowBackup="true"
27-->src\main\AndroidManifest.xml:21:9-35
28        android:appComponentFactory="androidx.core.app.CoreComponentFactory"
28-->[androidx.core:core:1.3.1] AndroidManifest.xml:24:18-86
29        android:debuggable="true"
30        android:extractNativeLibs="false"
31        android:icon="@mipmap/ic_launcher"
31-->src\main\AndroidManifest.xml:22:9-43
32        android:label="@string/app_name"
32-->src\main\AndroidManifest.xml:23:9-41
33        android:roundIcon="@mipmap/ic_launcher_round"
33-->src\main\AndroidManifest.xml:24:9-54
34        android:supportsRtl="true"
34-->src\main\AndroidManifest.xml:25:9-35
35        android:theme="@style/Theme.W3DevCalling" >
35-->src\main\AndroidManifest.xml:26:9-50
36        <activity android:name="com.W3Dev.w3devcalling.CompleteFunctionalityActivity" />
36-->src\main\AndroidManifest.xml:27:9-76
36-->src\main\AndroidManifest.xml:27:19-64
37        <activity android:name="com.W3Dev.w3devcalling.cameraRenderActivity" />
37-->src\main\AndroidManifest.xml:28:9-58
37-->src\main\AndroidManifest.xml:28:19-55
38        <activity android:name="com.W3Dev.w3devcalling.MainActivity" >
38-->src\main\AndroidManifest.xml:29:9-35:20
38-->src\main\AndroidManifest.xml:29:19-47
39            <intent-filter>
39-->src\main\AndroidManifest.xml:30:13-34:29
40                <action android:name="android.intent.action.MAIN" />
40-->src\main\AndroidManifest.xml:31:17-69
40-->src\main\AndroidManifest.xml:31:25-66
41
42                <category android:name="android.intent.category.LAUNCHER" />
42-->src\main\AndroidManifest.xml:33:17-77
42-->src\main\AndroidManifest.xml:33:27-74
43            </intent-filter>
44        </activity>
45        <activity
45-->[pub.devrel:easypermissions:1.1.3] AndroidManifest.xml:12:9-16:66
46            android:name="pub.devrel.easypermissions.AppSettingsDialogHolderActivity"
46-->[pub.devrel:easypermissions:1.1.3] AndroidManifest.xml:13:13-86
47            android:exported="false"
47-->[pub.devrel:easypermissions:1.1.3] AndroidManifest.xml:14:13-37
48            android:label=""
48-->[pub.devrel:easypermissions:1.1.3] AndroidManifest.xml:15:13-29
49            android:theme="@style/EasyPermissions.Transparent" />
49-->[pub.devrel:easypermissions:1.1.3] AndroidManifest.xml:16:13-63
50        <activity
50-->[gun0912.ted:tedpermission:2.2.3] AndroidManifest.xml:10:9-14:67
51            android:name="com.gun0912.tedpermission.TedPermissionActivity"
51-->[gun0912.ted:tedpermission:2.2.3] AndroidManifest.xml:11:13-75
52            android:configChanges="mcc|mnc|locale|keyboard|keyboardHidden|screenLayout|fontScale|uiMode|orientation|screenSize|layoutDirection"
52-->[gun0912.ted:tedpermission:2.2.3] AndroidManifest.xml:12:13-144
53            android:screenOrientation="unspecified"
53-->[gun0912.ted:tedpermission:2.2.3] AndroidManifest.xml:13:13-52
54            android:theme="@style/Theme.Transparent.Permission" />
54-->[gun0912.ted:tedpermission:2.2.3] AndroidManifest.xml:14:13-64
55    </application>
56
57</manifest>